c:\users\ohara\documents\_nanodegree\fcnd\fcnd-estimation-cpp-master\fcnd-estimation-cpp-master\project\x64\debug\vc141.pdb
c:\users\ohara\documents\_nanodegree\fcnd\fcnd-estimation-cpp-master\fcnd-estimation-cpp-master\project\x64\debug\vc141.idb
c:\users\ohara\documents\_nanodegree\fcnd\fcnd-estimation-cpp-master\fcnd-estimation-cpp-master\project\x64\debug\drawingfuncs.obj
c:\users\ohara\documents\_nanodegree\fcnd\fcnd-estimation-cpp-master\fcnd-estimation-cpp-master\project\x64\debug\glutmenu.obj
c:\users\ohara\documents\_nanodegree\fcnd\fcnd-estimation-cpp-master\fcnd-estimation-cpp-master\project\x64\debug\graph.obj
c:\users\ohara\documents\_nanodegree\fcnd\fcnd-estimation-cpp-master\fcnd-estimation-cpp-master\project\x64\debug\graphmanager.obj
c:\users\ohara\documents\_nanodegree\fcnd\fcnd-estimation-cpp-master\fcnd-estimation-cpp-master\project\x64\debug\visualizer_glut.obj
c:\users\ohara\documents\_nanodegree\fcnd\fcnd-estimation-cpp-master\fcnd-estimation-cpp-master\project\x64\debug\main.obj
c:\users\ohara\documents\_nanodegree\fcnd\fcnd-estimation-cpp-master\fcnd-estimation-cpp-master\project\x64\debug\geometry.obj
c:\users\ohara\documents\_nanodegree\fcnd\fcnd-estimation-cpp-master\fcnd-estimation-cpp-master\project\x64\debug\random.obj
c:\users\ohara\documents\_nanodegree\fcnd\fcnd-estimation-cpp-master\fcnd-estimation-cpp-master\project\x64\debug\mavlinknode.obj
c:\users\ohara\documents\_nanodegree\fcnd\fcnd-estimation-cpp-master\fcnd-estimation-cpp-master\project\x64\debug\mavlinktranslation.obj
c:\users\ohara\documents\_nanodegree\fcnd\fcnd-estimation-cpp-master\fcnd-estimation-cpp-master\project\x64\debug\practicalsocket.obj
c:\users\ohara\documents\_nanodegree\fcnd\fcnd-estimation-cpp-master\fcnd-estimation-cpp-master\project\x64\debug\quadcontrol.obj
c:\users\ohara\documents\_nanodegree\fcnd\fcnd-estimation-cpp-master\fcnd-estimation-cpp-master\project\x64\debug\quadestimatorekf.obj
c:\users\ohara\documents\_nanodegree\fcnd\fcnd-estimation-cpp-master\fcnd-estimation-cpp-master\project\x64\debug\basedynamics.obj
c:\users\ohara\documents\_nanodegree\fcnd\fcnd-estimation-cpp-master\fcnd-estimation-cpp-master\project\x64\debug\quaddynamics.obj
c:\users\ohara\documents\_nanodegree\fcnd\fcnd-estimation-cpp-master\fcnd-estimation-cpp-master\project\x64\debug\simulator.obj
c:\users\ohara\documents\_nanodegree\fcnd\fcnd-estimation-cpp-master\fcnd-estimation-cpp-master\project\x64\debug\trajectory.obj
c:\users\ohara\documents\_nanodegree\fcnd\fcnd-estimation-cpp-master\fcnd-estimation-cpp-master\project\x64\debug\camera.obj
c:\users\ohara\documents\_nanodegree\fcnd\fcnd-estimation-cpp-master\fcnd-estimation-cpp-master\project\x64\debug\simpleconfig.obj
c:\users\ohara\documents\_nanodegree\fcnd\fcnd-estimation-cpp-master\fcnd-estimation-cpp-master\project\x64\debug\timer.obj
c:\users\ohara\documents\_nanodegree\fcnd\fcnd-estimation-cpp-master\fcnd-estimation-cpp-master\project\x64\debug\basecontroller.obj
c:\users\ohara\documents\_nanodegree\fcnd\fcnd-estimation-cpp-master\fcnd-estimation-cpp-master\project\x64\debug\basequadestimator.obj
c:\users\ohara\documents\_nanodegree\fcnd\fcnd-estimation-cpp-master\fcnd-estimation-cpp-master\project\x64\debug\colorutils.obj
c:\users\ohara\documents\_nanodegree\fcnd\fcnd-estimation-cpp-master\fcnd-estimation-cpp-master\project\x64\debug\simulator.exe
c:\users\ohara\documents\_nanodegree\fcnd\fcnd-estimation-cpp-master\fcnd-estimation-cpp-master\project\x64\debug\simulator.ilk
c:\users\ohara\documents\_nanodegree\fcnd\fcnd-estimation-cpp-master\fcnd-estimation-cpp-master\project\x64\debug\simulator.pdb
c:\users\ohara\documents\_nanodegree\fcnd\fcnd-estimation-cpp-master\fcnd-estimation-cpp-master\project\x64\debug\simulator.tlog\cl.command.1.tlog
c:\users\ohara\documents\_nanodegree\fcnd\fcnd-estimation-cpp-master\fcnd-estimation-cpp-master\project\x64\debug\simulator.tlog\cl.read.1.tlog
c:\users\ohara\documents\_nanodegree\fcnd\fcnd-estimation-cpp-master\fcnd-estimation-cpp-master\project\x64\debug\simulator.tlog\cl.write.1.tlog
c:\users\ohara\documents\_nanodegree\fcnd\fcnd-estimation-cpp-master\fcnd-estimation-cpp-master\project\x64\debug\simulator.tlog\link.command.1.tlog
c:\users\ohara\documents\_nanodegree\fcnd\fcnd-estimation-cpp-master\fcnd-estimation-cpp-master\project\x64\debug\simulator.tlog\link.read.1.tlog
c:\users\ohara\documents\_nanodegree\fcnd\fcnd-estimation-cpp-master\fcnd-estimation-cpp-master\project\x64\debug\simulator.tlog\link.write.1.tlog
